<?xml version="1.0" encoding="UTF-8"?>
<!-- Generated by org.testng.reporters.JUnitReportReporter -->
<testsuite hostname="Admin-PC" name="screenshot.ScreenshotsTC1" tests="1" failures="0" timestamp="23 May 2019 11:13:13 GMT" time="0.352" errors="0">
  <testcase name="Screenshot" time="0.352" classname="screenshot.ScreenshotsTC1"/>
</testsuite> <!-- screenshot.ScreenshotsTC1 -->
