<?xml version="1.0" encoding="UTF-8"?>
<!-- Generated by org.testng.reporters.JUnitReportReporter -->
<testsuite hostname="Admin-PC"
	name="com.suma.selenium.mouseoperations.DragandDropby" tests="1"
	failures="0" timestamp="30 May 2019 06:20:04 GMT" time="15.251" errors="0">
	<testcase name="drag" time="15.251"
		classname="com.suma.selenium.mouseoperations.DragandDropby" />
</testsuite> <!-- com.suma.selenium.mouseoperations.DragandDropby -->
