<?xml version="1.0" encoding="UTF-8"?>
<!-- Generated by org.testng.reporters.JUnitReportReporter -->
<testsuite hostname="Admin-PC" name="screenshot.GmailTC2" tests="1" failures="0" timestamp="24 May 2019 09:45:29 GMT" time="5.080" errors="0">
  <testcase name="gmail" time="5.080" classname="screenshot.GmailTC2"/>
</testsuite> <!-- screenshot.GmailTC2 -->
