<?xml version="1.0" encoding="UTF-8"?>
<!-- Generated by org.testng.reporters.JUnitReportReporter -->
<testsuite hostname="Admin-PC"
	name="com.suma.selenium.mouseoperations.Movetoelement" tests="1"
	failures="0" timestamp="30 May 2019 05:55:35 GMT" time="49.062" errors="0">
	<testcase name="movetoelement" time="49.062"
		classname="com.suma.selenium.mouseoperations.Movetoelement" />
</testsuite> <!-- com.suma.selenium.mouseoperations.Movetoelement -->
