<?xml version="1.0" encoding="UTF-8"?>
<!-- Generated by org.testng.reporters.JUnitReportReporter -->
<testsuite hostname="Admin-PC"
	name="com.suma.selenium.workingwithwindowelements.Download" tests="1"
	failures="0" timestamp="30 May 2019 07:08:36 GMT" time="27.705" errors="0">
	<testcase name="download" time="27.705"
		classname="com.suma.selenium.workingwithwindowelements.Download" />
</testsuite> <!-- com.suma.selenium.workingwithwindowelements.Download -->
