<?xml version="1.0" encoding="UTF-8"?>
<!-- Generated by org.testng.reporters.JUnitReportReporter -->
<testsuite hostname="Admin-PC" name="screenshot.Multiplescreenshot"
	tests="1" failures="0" timestamp="24 May 2019 11:31:10 GMT" time="7.143"
	errors="0">
	<testcase name="screenshot" time="7.143"
		classname="screenshot.Multiplescreenshot" />
</testsuite> <!-- screenshot.Multiplescreenshot -->
