<?xml version="1.0" encoding="UTF-8"?>
<!-- Generated by org.testng.reporters.JUnitReportReporter -->
<testsuite hostname="Admin-PC" name="workingwithframeworks.TC1datadriven" tests="1" failures="0" timestamp="28 May 2019 09:07:01 GMT" time="18.835" errors="0">
  <testcase name="login" time="18.835" classname="workingwithframeworks.TC1datadriven"/>
</testsuite> <!-- workingwithframeworks.TC1datadriven -->
