<?xml version="1.0" encoding="UTF-8"?>
<!-- Generated by org.testng.reporters.JUnitReportReporter -->
<testsuite hostname="Admin-PC" name="com.suma.selenium.workingwithFrames.Workingwithframes" tests="1" failures="0" timestamp="29 May 2019 09:34:42 GMT" time="0.134" errors="0">
  <testcase name="Count" time="0.134" classname="com.suma.selenium.workingwithFrames.Workingwithframes"/>
</testsuite> <!-- com.suma.selenium.workingwithFrames.Workingwithframes -->
