<?xml version="1.0" encoding="UTF-8"?>
<!-- Generated by org.testng.reporters.JUnitReportReporter -->
<testsuite hostname="Admin-PC" name="workingwithframeworks.Tc3Addemployee" tests="1" failures="0" timestamp="28 May 2019 12:31:55 GMT" time="1.867" errors="0">
  <testcase name="login" time="1.867" classname="workingwithframeworks.Tc3Addemployee"/>
</testsuite> <!-- workingwithframeworks.Tc3Addemployee -->
