<?xml version="1.0" encoding="UTF-8"?>
<!-- Generated by org.testng.reporters.JUnitReportReporter -->
<testsuite hostname="Admin-PC" name="workingwithframeworks.TC2Datadriven"
	tests="1" failures="0" timestamp="28 May 2019 11:15:13 GMT" time="514.888"
	errors="0">
	<testcase name="Form" time="514.888"
		classname="workingwithframeworks.TC2Datadriven" />
</testsuite> <!-- workingwithframeworks.TC2Datadriven -->
