<?xml version="1.0" encoding="UTF-8"?>
<!-- Generated by org.testng.reporters.JUnitReportReporter -->
<testsuite hostname="Admin-PC"
	name="com.suma.selenium.mouseoperations.mouseoperations" tests="1"
	failures="0" timestamp="29 May 2019 13:17:41 GMT" time="20.152" errors="0">
	<testcase name="rightclick" time="20.152"
		classname="com.suma.selenium.mouseoperations.mouseoperations" />
</testsuite> <!-- com.suma.selenium.mouseoperations.mouseoperations -->
